<?xml version="1.0" encoding="UTF-8" ?>
<testsuites>
  <testsuite errors="0" failures="0" id="0" name="ApplyStyleBehaviorTest" package="com.flashartofwar.fcss.behaviors" skipped="0" tests="4" time="0.0">
      <testcase classname="com.flashartofwar.fcss.behaviors::ApplyStyleBehaviorTest" name="testGet_className" status="success" time="0.000" />

      <testcase classname="com.flashartofwar.fcss.behaviors::ApplyStyleBehaviorTest" name="testApplyStyle" status="success" time="0.000" />

      <testcase classname="com.flashartofwar.fcss.behaviors::ApplyStyleBehaviorTest" name="testApplyDefaultStyle" status="success" time="0.000" />

      <testcase classname="com.flashartofwar.fcss.behaviors::ApplyStyleBehaviorTest" name="testGet_id" status="success" time="0.000" />

  </testsuite>
  <testsuite errors="0" failures="0" id="1" name="TextFieldFactoryTest" package="com.flashartofwar.fcss.factories" skipped="0" tests="78" time="0.0">
      <testcase classname="com.flashartofwar.fcss.factories::TextFieldFactoryTest" name="testGet_autoSize" status="success" time="0.000" />

      <testcase classname="com.flashartofwar.fcss.factories::TextFieldFactoryTest" name="testGet_mouseWheelEnabled" status="success" time="0.000" />

      <testcase classname="com.flashartofwar.fcss.factories::TextFieldFactoryTest" name="testGet_size" status="success" time="0.000" />

      <testcase classname="com.flashartofwar.fcss.factories::TextFieldFactoryTest" name="testGet_multiline" status="success" time="0.000" />

      <testcase classname="com.flashartofwar.fcss.factories::TextFieldFactoryTest" name="testGet_underline" status="success" time="0.000" />

      <testcase classname="com.flashartofwar.fcss.factories::TextFieldFactoryTest" name="testGet_restrict" status="success" time="0.000" />

      <testcase classname="com.flashartofwar.fcss.factories::TextFieldFactoryTest" name="testHTMLText" status="success" time="0.000" />

      <testcase classname="com.flashartofwar.fcss.factories::TextFieldFactoryTest" name="testGet_selectable" status="success" time="0.000" />

      <testcase classname="com.flashartofwar.fcss.factories::TextFieldFactoryTest" name="testNativeStyleSheet" status="success" time="0.000" />

      <testcase classname="com.flashartofwar.fcss.factories::TextFieldFactoryTest" name="testGet_sharpness" status="success" time="0.000" />

      <testcase classname="com.flashartofwar.fcss.factories::TextFieldFactoryTest" name="testGet_styleSheet" status="success" time="0.000" />

      <testcase classname="com.flashartofwar.fcss.factories::TextFieldFactoryTest" name="testGet_textColor" status="success" time="0.000" />

      <testcase classname="com.flashartofwar.fcss.factories::TextFieldFactoryTest" name="testGet_thickness" status="success" time="0.000" />

      <testcase classname="com.flashartofwar.fcss.factories::TextFieldFactoryTest" name="testGet_font" status="success" time="0.000" />

      <testcase classname="com.flashartofwar.fcss.factories::TextFieldFactoryTest" name="testGet_wordWrap" status="success" time="0.000" />

      <testcase classname="com.flashartofwar.fcss.factories::TextFieldFactoryTest" name="testGet_alwaysShowSelection" status="success" time="0.000" />

      <testcase classname="com.flashartofwar.fcss.factories::TextFieldFactoryTest" name="testGet_align" status="success" time="0.000" />

      <testcase classname="com.flashartofwar.fcss.factories::TextFieldFactoryTest" name="testGet_antiAliasType" status="success" time="0.000" />

      <testcase classname="com.flashartofwar.fcss.factories::TextFieldFactoryTest" name="testGet_blockIndent" status="success" time="0.000" />

      <testcase classname="com.flashartofwar.fcss.factories::TextFieldFactoryTest" name="testGet_rightMargin" status="success" time="0.000" />

      <testcase classname="com.flashartofwar.fcss.factories::TextFieldFactoryTest" name="testGet_bold" status="success" time="0.000" />

      <testcase classname="com.flashartofwar.fcss.factories::TextFieldFactoryTest" name="testGet_background" status="success" time="0.000" />

      <testcase classname="com.flashartofwar.fcss.factories::TextFieldFactoryTest" name="testGet_bullet" status="success" time="0.000" />

      <testcase classname="com.flashartofwar.fcss.factories::TextFieldFactoryTest" name="testGet_backgroundColor" status="success" time="0.000" />

      <testcase classname="com.flashartofwar.fcss.factories::TextFieldFactoryTest" name="testGet_color" status="success" time="0.000" />

      <testcase classname="com.flashartofwar.fcss.factories::TextFieldFactoryTest" name="testGet_border" status="success" time="0.000" />

      <testcase classname="com.flashartofwar.fcss.factories::TextFieldFactoryTest" name="testGet_borderColor" status="success" time="0.000" />

      <testcase classname="com.flashartofwar.fcss.factories::TextFieldFactoryTest" name="testGet_indent" status="success" time="0.000" />

      <testcase classname="com.flashartofwar.fcss.factories::TextFieldFactoryTest" name="testGet_condenseWhite" status="success" time="0.000" />

      <testcase classname="com.flashartofwar.fcss.factories::TextFieldFactoryTest" name="testGet_italic" status="success" time="0.000" />

      <testcase classname="com.flashartofwar.fcss.factories::TextFieldFactoryTest" name="testGet_defaultTextFormat" status="success" time="0.000" />

      <testcase classname="com.flashartofwar.fcss.factories::TextFieldFactoryTest" name="testGet_kerning" status="success" time="0.000" />

      <testcase classname="com.flashartofwar.fcss.factories::TextFieldFactoryTest" name="testGet_displayAsPassword" status="success" time="0.000" />

      <testcase classname="com.flashartofwar.fcss.factories::TextFieldFactoryTest" name="testGet_leading" status="success" time="0.000" />

      <testcase classname="com.flashartofwar.fcss.factories::TextFieldFactoryTest" name="testGet_embedFonts" status="success" time="0.000" />

      <testcase classname="com.flashartofwar.fcss.factories::TextFieldFactoryTest" name="testGet_leftMargin" status="success" time="0.000" />

      <testcase classname="com.flashartofwar.fcss.factories::TextFieldFactoryTest" name="testGet_gridFitType" status="success" time="0.000" />

      <testcase classname="com.flashartofwar.fcss.factories::TextFieldFactoryTest" name="testGet_letterSpacing" status="success" time="0.000" />

      <testcase classname="com.flashartofwar.fcss.factories::TextFieldFactoryTest" name="testGet_maxChars" status="success" time="0.000" />

      <testcase classname="com.flashartofwar.fcss.factories::TextFieldFactoryTest" name="testGet_autoSize" status="success" time="0.000" />

      <testcase classname="com.flashartofwar.fcss.factories::TextFieldFactoryTest" name="testGet_mouseWheelEnabled" status="success" time="0.000" />

      <testcase classname="com.flashartofwar.fcss.factories::TextFieldFactoryTest" name="testGet_size" status="success" time="0.000" />

      <testcase classname="com.flashartofwar.fcss.factories::TextFieldFactoryTest" name="testGet_multiline" status="success" time="0.000" />

      <testcase classname="com.flashartofwar.fcss.factories::TextFieldFactoryTest" name="testGet_underline" status="success" time="0.000" />

      <testcase classname="com.flashartofwar.fcss.factories::TextFieldFactoryTest" name="testGet_restrict" status="success" time="0.000" />

      <testcase classname="com.flashartofwar.fcss.factories::TextFieldFactoryTest" name="testHTMLText" status="success" time="0.000" />

      <testcase classname="com.flashartofwar.fcss.factories::TextFieldFactoryTest" name="testGet_selectable" status="success" time="0.000" />

      <testcase classname="com.flashartofwar.fcss.factories::TextFieldFactoryTest" name="testNativeStyleSheet" status="success" time="0.000" />

      <testcase classname="com.flashartofwar.fcss.factories::TextFieldFactoryTest" name="testGet_sharpness" status="success" time="0.000" />

      <testcase classname="com.flashartofwar.fcss.factories::TextFieldFactoryTest" name="testGet_styleSheet" status="success" time="0.000" />

      <testcase classname="com.flashartofwar.fcss.factories::TextFieldFactoryTest" name="testGet_textColor" status="success" time="0.000" />

      <testcase classname="com.flashartofwar.fcss.factories::TextFieldFactoryTest" name="testGet_thickness" status="success" time="0.000" />

      <testcase classname="com.flashartofwar.fcss.factories::TextFieldFactoryTest" name="testGet_font" status="success" time="0.000" />

      <testcase classname="com.flashartofwar.fcss.factories::TextFieldFactoryTest" name="testGet_wordWrap" status="success" time="0.000" />

      <testcase classname="com.flashartofwar.fcss.factories::TextFieldFactoryTest" name="testGet_alwaysShowSelection" status="success" time="0.000" />

      <testcase classname="com.flashartofwar.fcss.factories::TextFieldFactoryTest" name="testGet_align" status="success" time="0.000" />

      <testcase classname="com.flashartofwar.fcss.factories::TextFieldFactoryTest" name="testGet_antiAliasType" status="success" time="0.000" />

      <testcase classname="com.flashartofwar.fcss.factories::TextFieldFactoryTest" name="testGet_blockIndent" status="success" time="0.000" />

      <testcase classname="com.flashartofwar.fcss.factories::TextFieldFactoryTest" name="testGet_rightMargin" status="success" time="0.000" />

      <testcase classname="com.flashartofwar.fcss.factories::TextFieldFactoryTest" name="testGet_bold" status="success" time="0.000" />

      <testcase classname="com.flashartofwar.fcss.factories::TextFieldFactoryTest" name="testGet_background" status="success" time="0.000" />

      <testcase classname="com.flashartofwar.fcss.factories::TextFieldFactoryTest" name="testGet_bullet" status="success" time="0.000" />

      <testcase classname="com.flashartofwar.fcss.factories::TextFieldFactoryTest" name="testGet_backgroundColor" status="success" time="0.000" />

      <testcase classname="com.flashartofwar.fcss.factories::TextFieldFactoryTest" name="testGet_color" status="success" time="0.000" />

      <testcase classname="com.flashartofwar.fcss.factories::TextFieldFactoryTest" name="testGet_border" status="success" time="0.000" />

      <testcase classname="com.flashartofwar.fcss.factories::TextFieldFactoryTest" name="testGet_borderColor" status="success" time="0.000" />

      <testcase classname="com.flashartofwar.fcss.factories::TextFieldFactoryTest" name="testGet_indent" status="success" time="0.000" />

      <testcase classname="com.flashartofwar.fcss.factories::TextFieldFactoryTest" name="testGet_condenseWhite" status="success" time="0.000" />

      <testcase classname="com.flashartofwar.fcss.factories::TextFieldFactoryTest" name="testGet_italic" status="success" time="0.000" />

      <testcase classname="com.flashartofwar.fcss.factories::TextFieldFactoryTest" name="testGet_defaultTextFormat" status="success" time="0.000" />

      <testcase classname="com.flashartofwar.fcss.factories::TextFieldFactoryTest" name="testGet_kerning" status="success" time="0.000" />

      <testcase classname="com.flashartofwar.fcss.factories::TextFieldFactoryTest" name="testGet_displayAsPassword" status="success" time="0.000" />

      <testcase classname="com.flashartofwar.fcss.factories::TextFieldFactoryTest" name="testGet_leading" status="success" time="0.000" />

      <testcase classname="com.flashartofwar.fcss.factories::TextFieldFactoryTest" name="testGet_embedFonts" status="success" time="0.000" />

      <testcase classname="com.flashartofwar.fcss.factories::TextFieldFactoryTest" name="testGet_leftMargin" status="success" time="0.000" />

      <testcase classname="com.flashartofwar.fcss.factories::TextFieldFactoryTest" name="testGet_gridFitType" status="success" time="0.000" />

      <testcase classname="com.flashartofwar.fcss.factories::TextFieldFactoryTest" name="testGet_letterSpacing" status="success" time="0.000" />

      <testcase classname="com.flashartofwar.fcss.factories::TextFieldFactoryTest" name="testGet_maxChars" status="success" time="0.000" />

  </testsuite>
  <testsuite errors="0" failures="0" id="2" name="PropertyMapObjectTest" package="com.flashartofwar.fcss.objects" skipped="0" tests="4" time="0.0">
      <testcase classname="com.flashartofwar.fcss.objects::PropertyMapObjectTest" name="testClone" status="success" time="0.000" />

      <testcase classname="com.flashartofwar.fcss.objects::PropertyMapObjectTest" name="testGetPropsByTypesReturnsCleanArray" status="success" time="0.000" />

      <testcase classname="com.flashartofwar.fcss.objects::PropertyMapObjectTest" name="testGetPropsByTypes" status="success" time="0.000" />

      <testcase classname="com.flashartofwar.fcss.objects::PropertyMapObjectTest" name="testToString" status="success" time="0.000" />

  </testsuite>
  <testsuite errors="0" failures="0" id="3" name="StyleTest" package="com.flashartofwar.fcss.styles" skipped="0" tests="12" time="0.0">
      <testcase classname="com.flashartofwar.fcss.styles::StyleTest" name="testPropertyOrderAfterDelete" status="success" time="0.000" />

      <testcase classname="com.flashartofwar.fcss.styles::StyleTest" name="testToString" status="success" time="0.000" />

      <testcase classname="com.flashartofwar.fcss.styles::StyleTest" name="testGet_styleName" status="success" time="0.000" />

      <testcase classname="com.flashartofwar.fcss.styles::StyleTest" name="testSet_styleName" status="success" time="0.000" />

      <testcase classname="com.flashartofwar.fcss.styles::StyleTest" name="testPropertyOrder" status="success" time="0.000" />

      <testcase classname="com.flashartofwar.fcss.styles::StyleTest" name="testMergestyleName" status="success" time="0.000" />

      <testcase classname="com.flashartofwar.fcss.styles::StyleTest" name="testClone" status="success" time="0.000" />

      <testcase classname="com.flashartofwar.fcss.styles::StyleTest" name="testMergeNewProperty" status="success" time="0.000" />

      <testcase classname="com.flashartofwar.fcss.styles::StyleTest" name="testMergeSameProperty" status="success" time="0.000" />

      <testcase classname="com.flashartofwar.fcss.styles::StyleTest" name="testAddProperty" status="success" time="0.000" />

      <testcase classname="com.flashartofwar.fcss.styles::StyleTest" name="testPropertyOrderAfterAdding" status="success" time="0.000" />

      <testcase classname="com.flashartofwar.fcss.styles::StyleTest" name="testDeleteProperty" status="success" time="0.000" />

  </testsuite>
  <testsuite errors="0" failures="0" id="4" name="StyleSheetCollectionTest" package="com.flashartofwar.fcss.stylesheets" skipped="0" tests="16" time="0.0">
      <testcase classname="com.flashartofwar.fcss.stylesheets::StyleSheetCollectionTest" name="testGet_styleNames" status="success" time="0.000" />

      <testcase classname="com.flashartofwar.fcss.stylesheets::StyleSheetCollectionTest" name="testClear" status="success" time="0.000" />

      <testcase classname="com.flashartofwar.fcss.stylesheets::StyleSheetCollectionTest" name="testGetStylePropTestB" status="success" time="0.000" />

      <testcase classname="com.flashartofwar.fcss.stylesheets::StyleSheetCollectionTest" name="testGetStylePropTestC" status="success" time="0.000" />

      <testcase classname="com.flashartofwar.fcss.stylesheets::StyleSheetCollectionTest" name="testGetStylePropTestD" status="success" time="0.000" />

      <testcase classname="com.flashartofwar.fcss.stylesheets::StyleSheetCollectionTest" name="testGetStyleSheet" status="success" time="0.000" />

      <testcase classname="com.flashartofwar.fcss.stylesheets::StyleSheetCollectionTest" name="testNewstyle" status="success" time="0.000" />

      <testcase classname="com.flashartofwar.fcss.stylesheets::StyleSheetCollectionTest" name="testAddStyleSheet" status="success" time="0.000" />

      <testcase classname="com.flashartofwar.fcss.stylesheets::StyleSheetCollectionTest" name="testGetStylePropTestA" status="success" time="0.000" />

      <testcase classname="com.flashartofwar.fcss.stylesheets::StyleSheetCollectionTest" name="testParseCSS" status="success" time="0.000" />

      <testcase classname="com.flashartofwar.fcss.stylesheets::StyleSheetCollectionTest" name="testRemoveStyleSheet" status="success" time="0.000" />

      <testcase classname="com.flashartofwar.fcss.stylesheets::StyleSheetCollectionTest" name="testGetStyle" status="success" time="0.000" />

      <testcase classname="com.flashartofwar.fcss.stylesheets::StyleSheetCollectionTest" name="testStyleToStringFromSheet" status="success" time="0.000" />

      <testcase classname="com.flashartofwar.fcss.stylesheets::StyleSheetCollectionTest" name="testDynamicStyleToString" status="success" time="0.000" />

      <testcase classname="com.flashartofwar.fcss.stylesheets::StyleSheetCollectionTest" name="testGetStyleNamesReturnsCleanArray" status="success" time="0.000" />

      <testcase classname="com.flashartofwar.fcss.stylesheets::StyleSheetCollectionTest" name="testGetStyleStyleName" status="success" time="0.000" />

  </testsuite>
  <testsuite errors="0" failures="0" id="5" name="StyleSheetTest" package="com.flashartofwar.fcss.stylesheets" skipped="0" tests="15" time="0.0">
      <testcase classname="com.flashartofwar.fcss.stylesheets::StyleSheetTest" name="testGetstyle" status="success" time="0.000" />

      <testcase classname="com.flashartofwar.fcss.stylesheets::StyleSheetTest" name="testClear" status="success" time="0.000" />

      <testcase classname="com.flashartofwar.fcss.stylesheets::StyleSheetTest" name="testHasStyle" status="success" time="0.000" />

      <testcase classname="com.flashartofwar.fcss.stylesheets::StyleSheetTest" name="testClearStyleNames" status="success" time="0.000" />

      <testcase classname="com.flashartofwar.fcss.stylesheets::StyleSheetTest" name="testStyleNamesReturnsCleanArray" status="success" time="0.000" />

      <testcase classname="com.flashartofwar.fcss.stylesheets::StyleSheetTest" name="testClone" status="success" time="0.000" />

      <testcase classname="com.flashartofwar.fcss.stylesheets::StyleSheetTest" name="testVaribleMerge" status="success" time="0.000" />

      <testcase classname="com.flashartofwar.fcss.stylesheets::StyleSheetTest" name="testRelatedStyle" status="success" time="0.000" />

      <testcase classname="com.flashartofwar.fcss.stylesheets::StyleSheetTest" name="testVariableReplace" status="success" time="0.000" />

      <testcase classname="com.flashartofwar.fcss.stylesheets::StyleSheetTest" name="testNewstyle" status="success" time="0.000" />

      <testcase classname="com.flashartofwar.fcss.stylesheets::StyleSheetTest" name="testNumberOfStylesAfterRequestingAllStyles" status="success" time="0.000" />

      <testcase classname="com.flashartofwar.fcss.stylesheets::StyleSheetTest" name="testParseCSS" status="success" time="0.000" />

      <testcase classname="com.flashartofwar.fcss.stylesheets::StyleSheetTest" name="testSecondCSSParse" status="success" time="0.000" />

      <testcase classname="com.flashartofwar.fcss.stylesheets::StyleSheetTest" name="testSecondCSSParseStyle" status="success" time="0.000" />

      <testcase classname="com.flashartofwar.fcss.stylesheets::StyleSheetTest" name="testToString" status="success" time="0.000" />

  </testsuite>
  <testsuite errors="0" failures="0" id="6" name="CSSTidyUtilTest" package="com.flashartofwar.fcss.utils" skipped="0" tests="1" time="0.0">
      <testcase classname="com.flashartofwar.fcss.utils::CSSTidyUtilTest" name="testTidy" status="success" time="0.000" />

  </testsuite>
  <testsuite errors="0" failures="0" id="7" name="StyleApplierUtilTest" package="com.flashartofwar.fcss.utils" skipped="0" tests="2" time="0.0">
      <testcase classname="com.flashartofwar.fcss.utils::StyleApplierUtilTest" name="testApplyProperties" status="success" time="0.000" />

      <testcase classname="com.flashartofwar.fcss.utils::StyleApplierUtilTest" name="testPropertyMapObject" status="success" time="0.000" />

  </testsuite>
  <testsuite errors="0" failures="0" id="8" name="TypeHelperUtilTest" package="com.flashartofwar.fcss.utils" skipped="0" tests="7" time="0.0">
      <testcase classname="com.flashartofwar.fcss.utils::TypeHelperUtilTest" name="testStringToUrlRequest" status="success" time="0.000" />

      <testcase classname="com.flashartofwar.fcss.utils::TypeHelperUtilTest" name="testStringToBoolean" status="success" time="0.000" />

      <testcase classname="com.flashartofwar.fcss.utils::TypeHelperUtilTest" name="testStringToNumber" status="success" time="0.000" />

      <testcase classname="com.flashartofwar.fcss.utils::TypeHelperUtilTest" name="testStringYesNoToBooleanFalse" status="success" time="0.000" />

      <testcase classname="com.flashartofwar.fcss.utils::TypeHelperUtilTest" name="testStringToUrlRequestUrl" status="success" time="0.000" />

      <testcase classname="com.flashartofwar.fcss.utils::TypeHelperUtilTest" name="testStringYesNoToBooleanTrue" status="success" time="0.000" />

      <testcase classname="com.flashartofwar.fcss.utils::TypeHelperUtilTest" name="testStringToArray" status="success" time="0.000" />

  </testsuite>
</testsuites>
